{"uuid":"ab4fbb84-6abc-461c-a3c0-6f8096414f1b","name":"MittHSBMittUppdragPages","children":["678643a6-3617-46df-b870-7ba950ce2844","722060fa-f290-44dc-9233-42b4fa6f3145","885e4f29-9530-43eb-ab20-c6ed182523be","451dd635-5932-4194-86fb-e35ffadabb87","7848ac0b-9e70-4d96-b2fd-83fad108aba7","183cd3bb-9ad9-4ffe-ad48-4f7b10352371","b306555d-750c-4c8e-aa63-72c56485062f","9ec8b918-2a6d-4d15-aad8-78f550cccb89","c3105328-b548-4f5c-9ec9-1ed66a0803b5","b7b9727c-f3e7-4bde-93be-8e9ca350658b","93771fca-bb82-4c8f-95f7-b9724a27399d","567e6d4c-14ce-4f2e-8c81-e2064f257ae3","626abbae-0d7c-43a8-b6e5-a93dcda20ff1","f8b4aad5-7e8c-45b1-9a3a-c876da11c737","3980bd69-6703-4d73-8053-6bb4106649df","3ef88bf7-51a5-43b0-b70a-b3d56908fdfc","5edda9af-e4c6-4370-96ec-40a4879c7649"],"befores":[{"name":"setUp","status":"broken","statusDetails":{"known":false,"muted":false,"flaky":false,"message":"Expected condition failed: waiting for visibility of element located by By.xpath: //div[@class='content no-max-width gradient-bg col-12'] (tried for 10 second(s) with 500 milliseconds interval)","trace":"org.openqa.selenium.TimeoutException: Expected condition failed: waiting for visibility of element located by By.xpath: //div[@class='content no-max-width gradient-bg col-12'] (tried for 10 second(s) with 500 milliseconds interval)\r\n\tat org.openqa.selenium.support.ui.WebDriverWait.timeoutException(WebDriverWait.java:113)\r\n\tat org.openqa.selenium.support.ui.FluentWait.until(FluentWait.java:283)\r\n\tat com.mitthsb.qa.pages.Loginpage.login(Loginpage.java:74)\r\n\tat com.mitthsb.qa.testcases.HomePageTest.setUp(HomePageTest.java:59)\r\n\tat java.base/jdk.internal.reflect.NativeMethodAccessorImpl.invoke0(Native Method)\r\n\tat java.base/jdk.internal.reflect.NativeMethodAccessorImpl.invoke(NativeMethodAccessorImpl.java:62)\r\n\tat java.base/jdk.internal.reflect.DelegatingMethodAccessorImpl.invoke(DelegatingMethodAccessorImpl.java:43)\r\n\tat java.base/java.lang.reflect.Method.invoke(Method.java:567)\r\n\tat org.testng.internal.MethodInvocationHelper.invokeMethod(MethodInvocationHelper.java:108)\r\n\tat org.testng.internal.Invoker.invokeConfigurationMethod(Invoker.java:523)\r\n\tat org.testng.internal.Invoker.invokeConfigurations(Invoker.java:224)\r\n\tat org.testng.internal.Invoker.invokeConfigurations(Invoker.java:146)\r\n\tat org.testng.TestRunner.beforeRun(TestRunner.java:626)\r\n\tat org.testng.TestRunner.run(TestRunner.java:594)\r\n\tat org.testng.SuiteRunner.runTest(SuiteRunner.java:380)\r\n\tat org.testng.SuiteRunner.runSequentially(SuiteRunner.java:375)\r\n\tat org.testng.SuiteRunner.privateRun(SuiteRunner.java:340)\r\n\tat org.testng.SuiteRunner.run(SuiteRunner.java:289)\r\n\tat org.testng.SuiteRunnerWorker.runSuite(SuiteRunnerWorker.java:52)\r\n\tat org.testng.SuiteRunnerWorker.run(SuiteRunnerWorker.java:86)\r\n\tat org.testng.TestNG.runSuitesSequentially(TestNG.java:1301)\r\n\tat org.testng.TestNG.runSuitesLocally(TestNG.java:1226)\r\n\tat org.testng.TestNG.runSuites(TestNG.java:1144)\r\n\tat org.testng.TestNG.run(TestNG.java:1115)\r\n\tat org.testng.remote.AbstractRemoteTestNG.run(AbstractRemoteTestNG.java:115)\r\n\tat org.testng.remote.RemoteTestNG.initAndRun(RemoteTestNG.java:251)\r\n\tat org.testng.remote.RemoteTestNG.main(RemoteTestNG.java:77)\r\nCaused by: org.openqa.selenium.NoSuchElementException: Cannot locate an element using By.xpath: //div[@class='content no-max-width gradient-bg col-12']\nFor documentation on this error, please visit: http://seleniumhq.org/exceptions/no_such_element.html\nBuild info: version: '3.14.0', revision: 'aacccce0', time: '2018-08-02T20:19:58.91Z'\nSystem info: host: 'LNOR070828', ip: '10.225.99.143', os.name: 'Windows 10', os.arch: 'amd64', os.version: '10.0', java.version: '13'\nDriver info: driver.version: unknown\r\n\tat org.openqa.selenium.support.ui.ExpectedConditions.lambda$findElement$0(ExpectedConditions.java:896)\r\n\tat java.base/java.util.Optional.orElseThrow(Optional.java:401)\r\n\tat org.openqa.selenium.support.ui.ExpectedConditions.findElement(ExpectedConditions.java:895)\r\n\tat org.openqa.selenium.support.ui.ExpectedConditions.access$000(ExpectedConditions.java:44)\r\n\tat org.openqa.selenium.support.ui.ExpectedConditions$7.apply(ExpectedConditions.java:206)\r\n\tat org.openqa.selenium.support.ui.ExpectedConditions$7.apply(ExpectedConditions.java:202)\r\n\tat org.openqa.selenium.support.ui.FluentWait.until(FluentWait.java:260)\r\n\t... 25 more\r\n"},"stage":"finished","description":"","steps":[],"attachments":[],"parameters":[],"start":1570102780981,"stop":1570102817335}],"afters":[],"links":[],"start":1570102780968,"stop":1570102817646}