{"name":"loginBasedonHashMap","status":"skipped","statusDetails":{"known":false,"muted":false,"flaky":false,"message":"java.io.FileNotFoundException: TESTDATA_SHEET_PATH (The system cannot find the file specified)","trace":"java.lang.RuntimeException: java.io.FileNotFoundException: TESTDATA_SHEET_PATH (The system cannot find the file specified)\r\n\tat org.testng.internal.MethodInvocationHelper.invokeMethodNoCheckedException(MethodInvocationHelper.java:49)\r\n\tat org.testng.internal.MethodInvocationHelper.invokeDataProvider(MethodInvocationHelper.java:115)\r\n\tat org.testng.internal.Parameters.handleParameters(Parameters.java:509)\r\n\tat org.testng.internal.Invoker.handleParameters(Invoker.java:1308)\r\n\tat org.testng.internal.Invoker.createParameters(Invoker.java:1036)\r\n\tat org.testng.internal.Invoker.invokeTestMethods(Invoker.java:1126)\r\n\tat org.testng.internal.TestMethodWorker.invokeTestMethods(TestMethodWorker.java:126)\r\n\tat org.testng.internal.TestMethodWorker.run(TestMethodWorker.java:109)\r\n\tat org.testng.TestRunner.privateRun(TestRunner.java:744)\r\n\tat org.testng.TestRunner.run(TestRunner.java:602)\r\n\tat org.testng.SuiteRunner.runTest(SuiteRunner.java:380)\r\n\tat org.testng.SuiteRunner.runSequentially(SuiteRunner.java:375)\r\n\tat org.testng.SuiteRunner.privateRun(SuiteRunner.java:340)\r\n\tat org.testng.SuiteRunner.run(SuiteRunner.java:289)\r\n\tat org.testng.SuiteRunnerWorker.runSuite(SuiteRunnerWorker.java:52)\r\n\tat org.testng.SuiteRunnerWorker.run(SuiteRunnerWorker.java:86)\r\n\tat org.testng.TestNG.runSuitesSequentially(TestNG.java:1301)\r\n\tat org.testng.TestNG.runSuitesLocally(TestNG.java:1226)\r\n\tat org.testng.TestNG.runSuites(TestNG.java:1144)\r\n\tat org.testng.TestNG.run(TestNG.java:1115)\r\n\tat org.testng.remote.AbstractRemoteTestNG.run(AbstractRemoteTestNG.java:115)\r\n\tat org.testng.remote.RemoteTestNG.initAndRun(RemoteTestNG.java:251)\r\n\tat org.testng.remote.RemoteTestNG.main(RemoteTestNG.java:77)\r\nCaused by: java.io.FileNotFoundException: TESTDATA_SHEET_PATH (The system cannot find the file specified)\r\n\tat java.base/java.io.FileInputStream.open0(Native Method)\r\n\tat java.base/java.io.FileInputStream.open(FileInputStream.java:213)\r\n\tat java.base/java.io.FileInputStream.<init>(FileInputStream.java:155)\r\n\tat com.mitthsb.qa.util.TestUtil.getTestDataFromHashMap(TestUtil.java:94)\r\n\tat com.mitthsb.qa.testcases.LoginPageTest.getTestDataForLoginHashMap(LoginPageTest.java:88)\r\n\tat java.base/jdk.internal.reflect.NativeMethodAccessorImpl.invoke0(Native Method)\r\n\tat java.base/jdk.internal.reflect.NativeMethodAccessorImpl.invoke(NativeMethodAccessorImpl.java:62)\r\n\tat java.base/jdk.internal.reflect.DelegatingMethodAccessorImpl.invoke(DelegatingMethodAccessorImpl.java:43)\r\n\tat java.base/java.lang.reflect.Method.invoke(Method.java:567)\r\n\tat org.testng.internal.MethodInvocationHelper.invokeMethod(MethodInvocationHelper.java:108)\r\n\tat org.testng.internal.MethodInvocationHelper.invokeMethod(MethodInvocationHelper.java:55)\r\n\tat org.testng.internal.MethodInvocationHelper.invokeMethodNoCheckedException(MethodInvocationHelper.java:45)\r\n\t... 22 more\r\n"},"stage":"finished","steps":[],"attachments":[],"parameters":[],"start":1571055544342,"stop":1571055544343,"uuid":"ad5c4d6d-8dde-4653-ba68-b840966afec5","historyId":"de18aae12b4d7fd1896e3812bb6a124e","fullName":"com.mitthsb.qa.testcases.LoginPageTest.loginBasedonHashMap","labels":[{"name":"package","value":"com.mitthsb.qa.testcases.LoginPageTest"},{"name":"testClass","value":"com.mitthsb.qa.testcases.LoginPageTest"},{"name":"testMethod","value":"loginBasedonHashMap"},{"name":"parentSuite","value":"Default suite"},{"name":"suite","value":"Default test"},{"name":"subSuite","value":"com.mitthsb.qa.testcases.LoginPageTest"},{"name":"host","value":"LNOR070828"},{"name":"thread","value":"163108@LNOR070828.main(1)"},{"name":"framework","value":"testng"},{"name":"language","value":"java"}],"links":[]}